<?xml version="1.0" encoding="UTF-8"?>
<!-- Generated by org.testng.reporters.JUnitReportReporter -->
<testsuite hostname="Naveens-MacBook-Air.local" failures="0" tests="2" name="com.webuitest.suite.NavigatePage2Test" time="1.366" errors="0" timestamp="01 Oct 2018 19:05:26 GMT" skipped="0">
  <testcase classname="com.webuitest.suite.NavigatePage2Test" name="contacts" time="0.386"/>
  <testcase classname="com.webuitest.suite.NavigatePage2Test" name="careers" time="0.980"/>
</testsuite> <!-- com.webuitest.suite.NavigatePage2Test -->
