<?xml version="1.0" encoding="UTF-8"?>
<!-- Generated by org.testng.reporters.JUnitReportReporter -->
<testsuite skipped="0" hostname="Naveens-MacBook-Air.local" name="com.webuitest.suite.DisneySignupTest" tests="2" failures="0" timestamp="25 Mar 2020 19:23:58 GMT" time="94.467" errors="0">
  <testcase name="Signup" time="42.757" classname="com.webuitest.suite.DisneySignupTest"/>
  <testcase name="Login" time="51.710" classname="com.webuitest.suite.DisneySignupTest"/>
</testsuite> <!-- com.webuitest.suite.DisneySignupTest -->
