<?xml version="1.0" encoding="UTF-8"?>
<!-- Generated by org.testng.reporters.JUnitReportReporter -->
<testsuite hostname="Naveens-MacBook-Air.local" failures="0" tests="2" name="com.webuitest.suite.NavigatePageTest" time="0.802" errors="0" timestamp="30 Sep 2018 14:31:52 GMT" skipped="0">
  <testcase classname="com.webuitest.suite.NavigatePageTest" name="news" time="0.389"/>
  <testcase classname="com.webuitest.suite.NavigatePageTest" name="about" time="0.413"/>
</testsuite> <!-- com.webuitest.suite.NavigatePageTest -->
