<?xml version="1.0" encoding="UTF-8"?>
<!-- Generated by org.testng.reporters.JUnitReportReporter -->
<testsuite hostname="Naveens-MacBook-Air.local" failures="0" tests="2" name="com.webuitest.suite.NavigatePage2Test" time="1.249" errors="0" timestamp="30 Sep 2018 14:31:52 GMT" skipped="0">
  <testcase classname="com.webuitest.suite.NavigatePage2Test" name="contacts" time="0.426"/>
  <testcase classname="com.webuitest.suite.NavigatePage2Test" name="careers" time="0.823"/>
</testsuite> <!-- com.webuitest.suite.NavigatePage2Test -->
