<?xml version="1.0" encoding="UTF-8"?>
<!-- Generated by org.testng.reporters.JUnitReportReporter -->
<testsuite hostname="Naveens-MacBook-Air.local" failures="0" tests="2" name="com.webuitest.suite.NavigatePageTest" time="0.792" errors="0" timestamp="01 Oct 2018 19:05:26 GMT" skipped="0">
  <testcase classname="com.webuitest.suite.NavigatePageTest" name="about" time="0.418"/>
  <testcase classname="com.webuitest.suite.NavigatePageTest" name="news" time="0.374"/>
</testsuite> <!-- com.webuitest.suite.NavigatePageTest -->
